{"content": {"suites": {"0": {"status": {"total_pass": 3, "total_skip": 23, "total_xpass": 0, "total_xfail": 0, "total_rerun": 0, "total_fail": 2, "total_error": 0}, "tests": {"0": {"status": "SKIP", "message": "('C:\\\\Users\\\\User\\\\PycharmProjects\\\\SBFRANWEBFunctional\\\\tests\\\\test_sbfran.py', 25, 'Skipped: unconditional skip')", "test_name": "test_franLoginWithoutPassword", "rerun": "0"}, "1": {"status": "SKIP", "message": "('C:\\\\Users\\\\User\\\\PycharmProjects\\\\SBFRANWEBFunctional\\\\tests\\\\test_sbfran.py', 33, 'Skipped: unconditional skip')", "test_name": "test_franLoginWithoutUsername", "rerun": "0"}, "2": {"status": "SKIP", "message": "('C:\\\\Users\\\\User\\\\PycharmProjects\\\\SBFRANWEBFunctional\\\\tests\\\\test_sbfran.py', 42, 'Skipped: unconditional skip')", "test_name": "test_franLoginWithoutUsernameAndPassword", "rerun": "0"}, "3": {"status": "SKIP", "message": "('C:\\\\Users\\\\User\\\\PycharmProjects\\\\SBFRANWEBFunctional\\\\tests\\\\test_sbfran.py', 51, 'Skipped: unconditional skip')", "test_name": "test_franLoginWithInvalidUsername", "rerun": "0"}, "4": {"status": "SKIP", "message": "('C:\\\\Users\\\\User\\\\PycharmProjects\\\\SBFRANWEBFunctional\\\\tests\\\\test_sbfran.py', 60, 'Skipped: unconditional skip')", "test_name": "test_franLoginWithInvalidPassword", "rerun": "0"}, "5": {"status": "SKIP", "message": "('C:\\\\Users\\\\User\\\\PycharmProjects\\\\SBFRANWEBFunctional\\\\tests\\\\test_sbfran.py', 69, 'Skipped: unconditional skip')", "test_name": "test_franLoginWithValidCredentials", "rerun": "0"}, "6": {"status": "SKIP", "message": "('C:\\\\Users\\\\User\\\\PycharmProjects\\\\SBFRANWEBFunctional\\\\tests\\\\test_sbfran.py', 77, 'Skipped: unconditional skip')", "test_name": "test_GetWelcomeNote", "rerun": "0"}, "7": {"status": "SKIP", "message": "('C:\\\\Users\\\\User\\\\PycharmProjects\\\\SBFRANWEBFunctional\\\\tests\\\\test_sbfran.py', 84, 'Skipped: unconditional skip')", "test_name": "test_userNavLogout", "rerun": "0"}, "8": {"status": "SKIP", "message": "('C:\\\\Users\\\\User\\\\PycharmProjects\\\\SBFRANWEBFunctional\\\\tests\\\\test_sbfran.py', 91, 'Skipped: unconditional skip')", "test_name": "test_NavigateToHome", "rerun": "0"}, "9": {"status": "SKIP", "message": "('C:\\\\Users\\\\User\\\\PycharmProjects\\\\SBFRANWEBFunctional\\\\tests\\\\test_sbfran.py', 98, 'Skipped: unconditional skip')", "test_name": "test_userLogout", "rerun": "0"}, "10": {"status": "SKIP", "message": "('C:\\\\Users\\\\User\\\\PycharmProjects\\\\SBFRANWEBFunctional\\\\tests\\\\test_sbfran.py', 105, 'Skipped: unconditional skip')", "test_name": "test_franLoginAgain", "rerun": "0"}, "11": {"status": "SKIP", "message": "('C:\\\\Users\\\\User\\\\PycharmProjects\\\\SBFRANWEBFunctional\\\\tests\\\\test_sbfran.py', 112, 'Skipped: unconditional skip')", "test_name": "test_franchiseeDptDashboard", "rerun": "0"}, "12": {"status": "SKIP", "message": "('C:\\\\Users\\\\User\\\\PycharmProjects\\\\SBFRANWEBFunctional\\\\tests\\\\test_sbfran.py', 118, 'Skipped: unconditional skip')", "test_name": "test_franUploadInvWithoutAttachedFile", "rerun": "0"}, "13": {"status": "SKIP", "message": "('C:\\\\Users\\\\User\\\\PycharmProjects\\\\SBFRANWEBFunctional\\\\tests\\\\test_sbfran.py', 124, 'Skipped: unconditional skip')", "test_name": "test_franUploadInvWithAttachedFile", "rerun": "0"}, "14": {"status": "SKIP", "message": "('C:\\\\Users\\\\User\\\\PycharmProjects\\\\SBFRANWEBFunctional\\\\tests\\\\test_sbfran.py', 135, 'Skipped: unconditional skip')", "test_name": "test_accLoginWithValidCredentials", "rerun": "0"}, "15": {"status": "SKIP", "message": "('C:\\\\Users\\\\User\\\\PycharmProjects\\\\SBFRANWEBFunctional\\\\tests\\\\test_sbfran.py', 144, 'Skipped: unconditional skip')", "test_name": "test_acc_dashboard", "rerun": "0"}, "16": {"status": "SKIP", "message": "('C:\\\\Users\\\\User\\\\PycharmProjects\\\\SBFRANWEBFunctional\\\\tests\\\\test_sbfran.py', 151, 'Skipped: unconditional skip')", "test_name": "test_acc_pvc_invoice", "rerun": "0"}, "17": {"status": "SKIP", "message": "('C:\\\\Users\\\\User\\\\PycharmProjects\\\\SBFRANWEBFunctional\\\\tests\\\\test_sbfran.py', 163, 'Skipped: unconditional skip')", "test_name": "test_clear_pvc", "rerun": "0"}, "18": {"status": "SKIP", "message": "('C:\\\\Users\\\\User\\\\PycharmProjects\\\\SBFRANWEBFunctional\\\\tests\\\\test_sbfran.py', 174, 'Skipped: unconditional skip')", "test_name": "test_updateInvoiceClearImageAsNo", "rerun": "0"}, "19": {"status": "SKIP", "message": "('C:\\\\Users\\\\User\\\\PycharmProjects\\\\SBFRANWEBFunctional\\\\tests\\\\test_sbfran.py', 188, 'Skipped: unconditional skip')", "test_name": "test_franRejectedInvFromSBUploadedByFranGrid", "rerun": "0"}, "20": {"status": "SKIP", "message": "('C:\\\\Users\\\\User\\\\PycharmProjects\\\\SBFRANWEBFunctional\\\\tests\\\\test_sbfran.py', 197, 'Skipped: unconditional skip')", "test_name": "test_franAcceptRejectedInvFromSBUploadedByFran", "rerun": "0"}, "21": {"status": "SKIP", "message": "('C:\\\\Users\\\\User\\\\PycharmProjects\\\\SBFRANWEBFunctional\\\\tests\\\\test_sbfran.py', 210, 'Skipped: unconditional skip')", "test_name": "test_franRejectedBySBGrid", "rerun": "0"}, "22": {"status": "SKIP", "message": "('C:\\\\Users\\\\User\\\\PycharmProjects\\\\SBFRANWEBFunctional\\\\tests\\\\test_sbfran.py', 219, 'Skipped: unconditional skip')", "test_name": "test_franRejectedBySBInv", "rerun": "0"}, "23": {"status": "PASS", "message": "", "test_name": "test_uploadInvForSBPvcReject", "rerun": "0"}, "24": {"status": "PASS", "message": "", "test_name": "test_updateInvoiceClearImageYes", "rerun": "0"}, "25": {"status": "PASS", "message": "", "test_name": "test_updateInvoiceInFlexNameNo", "rerun": "0"}, "26": {"status": "FAIL", "message": "   selenium.common.exceptions.NoSuchElementException: Message: no such element: Unable to locate element: {\"method\":\"xpath\",\"selector\":\"//input[@id='mobile']\"}\n     (Session info: chrome=90.0.4430.212)\n", "test_name": "test_franAcceptRejectedInvFromSBUploadedByFranNameNotInFlex", "rerun": "0"}, "27": {"status": "FAIL", "message": "   selenium.common.exceptions.NoSuchElementException: Message: no such element: Unable to locate element: {\"method\":\"xpath\",\"selector\":\"//button[contains(text(),'Yes')]\"}\n     (Session info: chrome=90.0.4430.212)\n", "test_name": "test_updateInvoiceNameInFlexYes", "rerun": "0"}}, "suite_name": "test_sbfran.py"}}}, "date": "June 01, 2021", "start_time": 1622523549.7780068, "total_suite": 1, "status": "FAIL", "status_list": {"pass": "3", "fail": "2", "skip": "23", "error": "0", "xpass": "0", "xfail": "0", "rerun": "0"}, "total_tests": "28"}