{"content": {"suites": {"0": {"status": {"total_pass": 4, "total_skip": 0, "total_xpass": 0, "total_xfail": 0, "total_rerun": 0, "total_fail": 2, "total_error": 0}, "tests": {"0": {"status": "PASS", "message": "", "test_name": "test_selectSTore", "rerun": "0"}, "1": {"status": "PASS", "message": "", "test_name": "test_login", "rerun": "0"}, "2": {"status": "PASS", "message": "", "test_name": "test_searchProductSuggestedList", "rerun": "0"}, "3": {"status": "PASS", "message": "", "test_name": "test_test_searchProductSuggestedAddToCart", "rerun": "0"}, "4": {"status": "FAIL", "message": "   selenium.common.exceptions.NoSuchElementException: Message: no such element: Unable to locate element: {\"method\":\"xpath\",\"selector\":\"//snack-bar-container[@role='status']/simple-snack-bar/span\"}\n     (Session info: chrome=89.0.4389.114)\n", "test_name": "test_removeProductFromCartInSL", "rerun": "0"}, "5": {"status": "FAIL", "message": "   selenium.common.exceptions.NoSuchElementException: Message: no such element: Unable to locate element: {\"method\":\"xpath\",\"selector\":\"//a[starts-with(@href,'/sb/search/')]\"}\n     (Session info: chrome=89.0.4389.114)\n", "test_name": "test_search_viewMore", "rerun": "0"}}, "suite_name": "test_search_addtocart.py"}}}, "date": "April 06, 2021", "start_time": 1617694201, "total_suite": 1, "status": "FAIL", "status_list": {"pass": "4", "fail": "2", "skip": "0", "error": "0", "xpass": "0", "xfail": "0", "rerun": "0"}, "total_tests": "6"}