{"content": {"suites": {"0": {"status": {"total_pass": 16, "total_skip": 0, "total_xpass": 0, "total_xfail": 0, "total_rerun": 0, "total_fail": 7, "total_error": 0}, "tests": {"0": {"status": "PASS", "message": "", "test_name": "test_franLoginWithoutPassword", "rerun": "0"}, "1": {"status": "PASS", "message": "", "test_name": "test_franLoginWithoutUsername", "rerun": "0"}, "2": {"status": "PASS", "message": "", "test_name": "test_franLoginWithoutUsernameAndPassword", "rerun": "0"}, "3": {"status": "PASS", "message": "", "test_name": "test_franLoginWithInvalidUsername", "rerun": "0"}, "4": {"status": "PASS", "message": "", "test_name": "test_franLoginWithInvalidPassword", "rerun": "0"}, "5": {"status": "PASS", "message": "", "test_name": "test_franLoginWithValidCredentials", "rerun": "0"}, "6": {"status": "PASS", "message": "", "test_name": "test_franGetWelcomeNote", "rerun": "0"}, "7": {"status": "PASS", "message": "", "test_name": "test_userNavLogout", "rerun": "0"}, "8": {"status": "PASS", "message": "", "test_name": "test_franNavigateToHome", "rerun": "0"}, "9": {"status": "PASS", "message": "", "test_name": "test_userLogout", "rerun": "0"}, "10": {"status": "PASS", "message": "", "test_name": "test_franchiseeDptDashboard", "rerun": "0"}, "11": {"status": "PASS", "message": "", "test_name": "test_franUploadInvWithoutAttachedFile", "rerun": "0"}, "12": {"status": "PASS", "message": "", "test_name": "test_franUploadInvWithAutoIt", "rerun": "0"}, "13": {"status": "PASS", "message": "", "test_name": "test_franUploadInvWithAttachedFile", "rerun": "0"}, "14": {"status": "FAIL", "message": "   selenium.common.exceptions.NoSuchElementException: Message: no such element: Unable to locate element: {\"method\":\"xpath\",\"selector\":\"//input[@id='mobile']\"}\n     (Session info: chrome=90.0.4430.212)\n", "test_name": "test_accLoginWithValidCredentials", "rerun": "0"}, "15": {"status": "FAIL", "message": "   selenium.common.exceptions.NoSuchElementException: Message: no such element: Unable to locate element: {\"method\":\"xpath\",\"selector\":\"//a[@href='/sb/dpt/accounts/dashboard']\"}\n     (Session info: chrome=90.0.4430.212)\n", "test_name": "test_acc_dashboard", "rerun": "0"}, "16": {"status": "FAIL", "message": "   selenium.common.exceptions.NoSuchElementException: Message: no such element: Unable to locate element: {\"method\":\"xpath\",\"selector\":\"//p[contains(text(),'Preliminary Validation & Categorisation')]\"}\n     (Session info: chrome=90.0.4430.212)\n", "test_name": "test_acc_pvc_invoice", "rerun": "0"}, "17": {"status": "FAIL", "message": "   selenium.common.exceptions.NoSuchElementException: Message: no such element: Unable to locate element: {\"method\":\"xpath\",\"selector\":\"//button[contains(text(),'Clear')]\"}\n     (Session info: chrome=90.0.4430.212)\n", "test_name": "test_clear_pvc", "rerun": "0"}, "18": {"status": "PASS", "message": "", "test_name": "test_updateInvoiceClearImage", "rerun": "0"}, "19": {"status": "FAIL", "message": "   selenium.common.exceptions.NoSuchElementException: Message: no such element: Unable to locate element: {\"method\":\"xpath\",\"selector\":\"//input[@id='mobile']\"}\n     (Session info: chrome=90.0.4430.212)\n", "test_name": "test_franRejectedInvFromSBUploadedByFranGrid", "rerun": "0"}, "20": {"status": "FAIL", "message": "   selenium.common.exceptions.NoSuchElementException: Message: no such element: Unable to locate element: {\"method\":\"xpath\",\"selector\":\"//button[@class='btn-success']/span\"}\n     (Session info: chrome=90.0.4430.212)\n", "test_name": "test_franAcceptRejectedInvFromSBUploadedByFran", "rerun": "0"}, "21": {"status": "PASS", "message": "", "test_name": "test_franRejectedBySBGrid", "rerun": "0"}, "22": {"status": "FAIL", "message": "E   IndexError: list index out of range\n", "test_name": "test_franRejectedBySBInv", "rerun": "0"}}, "suite_name": "test_sbfran.py"}}}, "date": "June 01, 2021", "start_time": 1622516395.2658973, "total_suite": 1, "status": "FAIL", "status_list": {"pass": "16", "fail": "7", "skip": "0", "error": "0", "xpass": "0", "xfail": "0", "rerun": "0"}, "total_tests": "23"}