{"content": {"suites": {"0": {"status": {"total_pass": 2, "total_skip": 0, "total_xpass": 0, "total_xfail": 0, "total_rerun": 0, "total_fail": 2, "total_error": 0}, "tests": {"0": {"status": "PASS", "message": "", "test_name": "test_illustration", "rerun": "0"}, "1": {"status": "PASS", "message": "", "test_name": "test_allActiveStores", "rerun": "0"}, "2": {"status": "FAIL", "message": "   selenium.common.exceptions.InvalidArgumentException: Message: invalid argument: 'value' must be a string\n     (Session info: chrome=89.0.4389.90)\n", "test_name": "test_selectStore", "rerun": "0"}, "3": {"status": "FAIL", "message": "   selenium.common.exceptions.NoSuchElementException: Message: no such element: Unable to locate element: {\"method\":\"xpath\",\"selector\":\"//span[contains(text(),'Change Store')]\"}\n     (Session info: chrome=89.0.4389.90)\n", "test_name": "test_changeStore", "rerun": "0"}}, "suite_name": "test_homePage.py"}}}, "date": "March 31, 2021", "start_time": 1617174186, "total_suite": 1, "status": "FAIL", "status_list": {"pass": "2", "fail": "2", "skip": "0", "error": "0", "xpass": "0", "xfail": "0", "rerun": "0"}, "total_tests": "4"}