{"content": {"suites": {"0": {"status": {"total_pass": 3, "total_skip": 1, "total_xpass": 0, "total_xfail": 0, "total_rerun": 0, "total_fail": 2, "total_error": 0}, "tests": {"0": {"status": "PASS", "message": "", "test_name": "test_franLoginWithoutPassword", "rerun": "0"}, "1": {"status": "PASS", "message": "", "test_name": "test_franLoginWithoutUsername", "rerun": "0"}, "2": {"status": "PASS", "message": "", "test_name": "test_franLoginWithoutUsernameAndPassword", "rerun": "0"}, "3": {"status": "FAIL", "message": "   selenium.common.exceptions.NoSuchElementException: Message: no such element: Unable to locate element: {\"method\":\"xpath\",\"selector\":\"//button[contains(text(),'Lets Navigate')]\"}\n     (Session info: chrome=90.0.4430.212)\n", "test_name": "test_franLoginWithInvalidUsername", "rerun": "0"}, "4": {"status": "FAIL", "message": "   selenium.common.exceptions.NoSuchElementException: Message: no such element: Unable to locate element: {\"method\":\"xpath\",\"selector\":\"//button[contains(text(),'Lets Navigate')]\"}\n     (Session info: chrome=90.0.4430.212)\n", "test_name": "test_franLoginWithInvalidPassword", "rerun": "0"}, "5": {"status": "SKIP", "message": "('C:\\\\Users\\\\User\\\\PycharmProjects\\\\SBFRANWEBFunctional\\\\tests\\\\test_sbfran.py', 68, 'Skipped: unconditional skip')", "test_name": "test_franLogin", "rerun": "0"}}, "suite_name": "test_sbfran.py"}}}, "date": "May 31, 2021", "start_time": 1622441586.3520927, "total_suite": 1, "status": "FAIL", "status_list": {"pass": "3", "fail": "2", "skip": "1", "error": "0", "xpass": "0", "xfail": "0", "rerun": "0"}, "total_tests": "6"}