{"content": {"suites": {"0": {"status": {"total_pass": 67, "total_skip": 0, "total_xpass": 0, "total_xfail": 0, "total_rerun": 0, "total_fail": 31, "total_error": 0}, "tests": {"0": {"status": "PASS", "message": "", "test_name": "test_franLoginWithoutPassword", "rerun": "0"}, "1": {"status": "PASS", "message": "", "test_name": "test_franLoginWithoutUsername", "rerun": "0"}, "2": {"status": "PASS", "message": "", "test_name": "test_franLoginWithoutUsernameAndPassword", "rerun": "0"}, "3": {"status": "PASS", "message": "", "test_name": "test_franLoginWithInvalidUsername", "rerun": "0"}, "4": {"status": "PASS", "message": "", "test_name": "test_franLoginWithInvalidPassword", "rerun": "0"}, "5": {"status": "PASS", "message": "", "test_name": "test_franLoginWithValidCredentials", "rerun": "0"}, "6": {"status": "PASS", "message": "", "test_name": "test_GetWelcomeNote", "rerun": "0"}, "7": {"status": "PASS", "message": "", "test_name": "test_userNavLogout", "rerun": "0"}, "8": {"status": "PASS", "message": "", "test_name": "test_NavigateToHome", "rerun": "0"}, "9": {"status": "PASS", "message": "", "test_name": "test_userLogout", "rerun": "0"}, "10": {"status": "PASS", "message": "", "test_name": "test_franLoginAgain", "rerun": "0"}, "11": {"status": "PASS", "message": "", "test_name": "test_franchiseeDptDashboard", "rerun": "0"}, "12": {"status": "PASS", "message": "", "test_name": "test_franUploadInvWithoutAttachedFile", "rerun": "0"}, "13": {"status": "PASS", "message": "", "test_name": "test_franUploadInvWithAttachedFile", "rerun": "0"}, "14": {"status": "PASS", "message": "", "test_name": "test_accLoginWithValidCredentials", "rerun": "0"}, "15": {"status": "PASS", "message": "", "test_name": "test_acc_dashboard", "rerun": "0"}, "16": {"status": "PASS", "message": "", "test_name": "test_acc_pvc_invoice", "rerun": "0"}, "17": {"status": "PASS", "message": "", "test_name": "test_clear_pvc", "rerun": "0"}, "18": {"status": "PASS", "message": "", "test_name": "test_updateInvoiceClearImageAsNo", "rerun": "0"}, "19": {"status": "PASS", "message": "", "test_name": "test_franRejectedInvFromSBUploadedByFranGrid", "rerun": "0"}, "20": {"status": "PASS", "message": "", "test_name": "test_franAcceptRejectedInvFromSBUploadedByFran", "rerun": "0"}, "21": {"status": "PASS", "message": "", "test_name": "test_franRejectedBySBGrid", "rerun": "0"}, "22": {"status": "PASS", "message": "", "test_name": "test_franRejectedBySBInv", "rerun": "0"}, "23": {"status": "PASS", "message": "", "test_name": "test_uploadInvForSBPvcReject", "rerun": "0"}, "24": {"status": "PASS", "message": "", "test_name": "test_updateInvoiceClearImageYes", "rerun": "0"}, "25": {"status": "PASS", "message": "", "test_name": "test_updateInvoiceInFlexNameNo", "rerun": "0"}, "26": {"status": "PASS", "message": "", "test_name": "test_franAcceptRejectedInvFromSBUploadedByFranNameNotInFlex", "rerun": "0"}, "27": {"status": "PASS", "message": "", "test_name": "test_updateInvoiceNameInFlexYes", "rerun": "0"}, "28": {"status": "PASS", "message": "", "test_name": "test_updateInvoiceDistributorNoAvailale", "rerun": "0"}, "29": {"status": "PASS", "message": "", "test_name": "test_updateInvoiceDistributor", "rerun": "0"}, "30": {"status": "PASS", "message": "", "test_name": "test_updateInvalidInvoiceNumber", "rerun": "0"}, "31": {"status": "PASS", "message": "", "test_name": "test_franAcceptRejectedInvFromSBUploadedByFranInvalidInvNumber", "rerun": "0"}, "32": {"status": "PASS", "message": "", "test_name": "test_updateValidInvNumber", "rerun": "0"}, "33": {"status": "PASS", "message": "", "test_name": "test_updateInvAmt", "rerun": "0"}, "34": {"status": "PASS", "message": "", "test_name": "test_selectInvDate", "rerun": "0"}, "35": {"status": "PASS", "message": "", "test_name": "test_accProcessPVCInv", "rerun": "0"}, "36": {"status": "PASS", "message": "", "test_name": "test_accUploadInvoiceWithOutAttachment", "rerun": "0"}, "37": {"status": "PASS", "message": "", "test_name": "test_accUploadInvoiceWithAttachment", "rerun": "0"}, "38": {"status": "PASS", "message": "", "test_name": "test_accUploadInvoiceDonotSelectFranchisee", "rerun": "0"}, "39": {"status": "PASS", "message": "", "test_name": "test_accUploadInvoiceSelectFranchisee", "rerun": "0"}, "40": {"status": "PASS", "message": "", "test_name": "test_accUploadInvoiceDonotEnterInvNumber", "rerun": "0"}, "41": {"status": "PASS", "message": "", "test_name": "test_accUploadInvoiceEnterInvNumber", "rerun": "0"}, "42": {"status": "PASS", "message": "", "test_name": "test_accUploadInvoiceDonotSelectDate", "rerun": "0"}, "43": {"status": "PASS", "message": "", "test_name": "test_accUploadInvoiceSelectDate", "rerun": "0"}, "44": {"status": "PASS", "message": "", "test_name": "test_accUploadInvoiceDonotSelectDistri", "rerun": "0"}, "45": {"status": "PASS", "message": "", "test_name": "test_accUploadInvoiceSelectDistri", "rerun": "0"}, "46": {"status": "PASS", "message": "", "test_name": "test_accUploadInvoiceDonotEnterAmt", "rerun": "0"}, "47": {"status": "PASS", "message": "", "test_name": "test_accUploadInvoiceEnterAmt", "rerun": "0"}, "48": {"status": "PASS", "message": "", "test_name": "test_accUploadInvWithAllDetails", "rerun": "0"}, "49": {"status": "PASS", "message": "", "test_name": "test_franIniSBFranApprovalGrid", "rerun": "0"}, "50": {"status": "PASS", "message": "", "test_name": "test_franIniSBFranApprovalRejectOnInv", "rerun": "0"}, "51": {"status": "PASS", "message": "", "test_name": "test_accAcceptSBRejectedByFranGrid", "rerun": "0"}, "52": {"status": "PASS", "message": "", "test_name": "test_accUploadInvforfranApprove", "rerun": "0"}, "53": {"status": "PASS", "message": "", "test_name": "test_franIniSBFranApprovalAccept", "rerun": "0"}, "54": {"status": "PASS", "message": "", "test_name": "test_accAfterApprovalFromFranProcessInvToGRNIS", "rerun": "0"}, "55": {"status": "PASS", "message": "", "test_name": "test_billingAdminLoginWithValidCredentials", "rerun": "0"}, "56": {"status": "PASS", "message": "", "test_name": "test_billingDPTDashboard", "rerun": "0"}, "57": {"status": "PASS", "message": "", "test_name": "test_billingGetGRNISInvs", "rerun": "0"}, "58": {"status": "PASS", "message": "", "test_name": "test_billDonotSelectExForGRNAssign", "rerun": "0"}, "59": {"status": "PASS", "message": "", "test_name": "test_billAssignExForGrn", "rerun": "0"}, "60": {"status": "PASS", "message": "", "test_name": "test_billAdminUploadGRNDocForAnotherUserAssign", "rerun": "0"}, "61": {"status": "PASS", "message": "", "test_name": "test_billAdminUnAssignGrnUser", "rerun": "0"}, "62": {"status": "PASS", "message": "", "test_name": "test_billAdminHoldInvoivce", "rerun": "0"}, "63": {"status": "PASS", "message": "", "test_name": "test_billAdminAddInvoiceToHold", "rerun": "0"}, "64": {"status": "PASS", "message": "", "test_name": "test_billingAdminViewHoldInvoice", "rerun": "0"}, "65": {"status": "PASS", "message": "", "test_name": "test_accViewHoldInvoices", "rerun": "0"}, "66": {"status": "FAIL", "message": "   AssertionError: Invoice Number Not Matching\n   assert 'SBACCDPTACPT1001' in ['']\n", "test_name": "test_accGetHoldInvoiceDetails", "rerun": "0"}, "67": {"status": "FAIL", "message": "   selenium.common.exceptions.ElementClickInterceptedException: Message: element click intercepted: Element <button _ngcontent-mjm-c237=\"\" type=\"button\" class=\"btn btn-primary\">...</button> is not clickable at point (323, 45). Other element would receive the click: <div _ngcontent-mjm-c126=\"\" class=\"collapse navbar-collapse ng-star-inserted\" style=\"display: none;\">...</div>\n     (Session info: chrome=91.0.4472.77)\n", "test_name": "test_billingAdminUnHoldInvoice", "rerun": "0"}, "68": {"status": "FAIL", "message": "   selenium.common.exceptions.NoSuchElementException: Message: no such element: Unable to locate element: {\"method\":\"xpath\",\"selector\":\"//input[@id='mobile']\"}\n     (Session info: chrome=91.0.4472.77)\n", "test_name": "test_billingExLoginWithValidCredentials", "rerun": "0"}, "69": {"status": "PASS", "message": "", "test_name": "test_billingExDPTDashboard", "rerun": "0"}, "70": {"status": "FAIL", "message": "   selenium.common.exceptions.NoSuchElementException: Message: no such element: Unable to locate element: {\"method\":\"xpath\",\"selector\":\"//p[contains(text(),'Not Assigned')]\"}\n     (Session info: chrome=91.0.4472.77)\n", "test_name": "test_billingExNotAssignedToMe", "rerun": "0"}, "71": {"status": "FAIL", "message": "   selenium.common.exceptions.NoSuchElementException: Message: no such element: Unable to locate element: {\"method\":\"xpath\",\"selector\":\"//button[contains(text(),'Assign')]\"}\n     (Session info: chrome=91.0.4472.77)\n", "test_name": "test_billExSelfAssignInvoice", "rerun": "0"}, "72": {"status": "FAIL", "message": "   selenium.common.exceptions.NoSuchElementException: Message: no such element: Unable to locate element: {\"method\":\"xpath\",\"selector\":\"//button[contains(text(),'Unassign')]\"}\n     (Session info: chrome=91.0.4472.77)\n", "test_name": "test_billExUploadWithoutGRNDocument", "rerun": "0"}, "73": {"status": "FAIL", "message": "   selenium.common.exceptions.NoSuchElementException: Message: no such element: Unable to locate element: {\"method\":\"xpath\",\"selector\":\"//p[contains(text(),'Assigned to me')]\"}\n     (Session info: chrome=91.0.4472.77)\n", "test_name": "test_billExAssignToMe", "rerun": "0"}, "74": {"status": "FAIL", "message": "   selenium.common.exceptions.NoSuchElementException: Message: no such element: Unable to locate element: {\"method\":\"xpath\",\"selector\":\"//button[contains(text(),'Unassign')]\"}\n     (Session info: chrome=91.0.4472.77)\n", "test_name": "test_billExUploadWithGRNDocument", "rerun": "0"}, "75": {"status": "FAIL", "message": "   selenium.common.exceptions.NoSuchElementException: Message: no such element: Unable to locate element: {\"method\":\"xpath\",\"selector\":\"//button[contains(text(),'Assign')]\"}\n     (Session info: chrome=91.0.4472.77)\n", "test_name": "test_billExAssignEXforIS", "rerun": "0"}, "76": {"status": "FAIL", "message": "       AttributeError: 'NoneType' object has no attribute 'send_keys'\n", "test_name": "test_test_billExUploadISDocument", "rerun": "0"}, "77": {"status": "FAIL", "message": "   selenium.common.exceptions.WebDriverException: Message: chrome not reachable\n     (Session info: chrome=91.0.4472.77)\n", "test_name": "test_accFinalValidationGrid", "rerun": "0"}, "78": {"status": "FAIL", "message": "   selenium.common.exceptions.WebDriverException: Message: chrome not reachable\n     (Session info: chrome=91.0.4472.77)\n", "test_name": "test_accFinalValidationClearFV", "rerun": "0"}, "79": {"status": "FAIL", "message": "   selenium.common.exceptions.WebDriverException: Message: chrome not reachable\n     (Session info: chrome=91.0.4472.77)\n", "test_name": "test_accFVInvAmtNotEqlGrnAmt", "rerun": "0"}, "80": {"status": "FAIL", "message": "   selenium.common.exceptions.WebDriverException: Message: chrome not reachable\n     (Session info: chrome=91.0.4472.77)\n", "test_name": "test_accFVGrnAmtNotEglISAmt", "rerun": "0"}, "81": {"status": "FAIL", "message": "   selenium.common.exceptions.WebDriverException: Message: chrome not reachable\n     (Session info: chrome=91.0.4472.77)\n", "test_name": "test_accFVInvNotDoneForCurrentStore", "rerun": "0"}, "82": {"status": "FAIL", "message": "   selenium.common.exceptions.WebDriverException: Message: chrome not reachable\n     (Session info: chrome=91.0.4472.77)\n", "test_name": "test_accFVInvNotAddedFreeArticleNo", "rerun": "0"}, "83": {"status": "FAIL", "message": "   selenium.common.exceptions.WebDriverException: Message: chrome not reachable\n     (Session info: chrome=91.0.4472.77)\n", "test_name": "test_accFVInvProccedforRedo", "rerun": "0"}, "84": {"status": "FAIL", "message": "   selenium.common.exceptions.WebDriverException: Message: chrome not reachable\n     (Session info: chrome=91.0.4472.77)\n", "test_name": "test_billAdminRedoGrid", "rerun": "0"}, "85": {"status": "FAIL", "message": "   selenium.common.exceptions.WebDriverException: Message: chrome not reachable\n     (Session info: chrome=91.0.4472.77)\n", "test_name": "test_billAdminSelfAssignRedoInvGRN", "rerun": "0"}, "86": {"status": "FAIL", "message": "   selenium.common.exceptions.WebDriverException: Message: chrome not reachable\n     (Session info: chrome=91.0.4472.77)\n", "test_name": "test_billAdminUploadGRNDocument", "rerun": "0"}, "87": {"status": "FAIL", "message": "   selenium.common.exceptions.WebDriverException: Message: chrome not reachable\n     (Session info: chrome=91.0.4472.77)\n", "test_name": "test_billAdminSelfAssignRedoInvForIS", "rerun": "0"}, "88": {"status": "FAIL", "message": "   selenium.common.exceptions.WebDriverException: Message: chrome not reachable\n     (Session info: chrome=91.0.4472.77)\n", "test_name": "test_billAdminUploadISDocument", "rerun": "0"}, "89": {"status": "FAIL", "message": "   selenium.common.exceptions.WebDriverException: Message: chrome not reachable\n     (Session info: chrome=91.0.4472.77)\n", "test_name": "test_accDoFinalValidationForRedoInvoice", "rerun": "0"}, "90": {"status": "FAIL", "message": "   selenium.common.exceptions.WebDriverException: Message: chrome not reachable\n     (Session info: chrome=91.0.4472.77)\n", "test_name": "test_accFVInvAmtEqlGrnAmt", "rerun": "0"}, "91": {"status": "FAIL", "message": "   selenium.common.exceptions.WebDriverException: Message: chrome not reachable\n     (Session info: chrome=91.0.4472.77)\n", "test_name": "test_accFVGrnAmtEglISAmt", "rerun": "0"}, "92": {"status": "FAIL", "message": "   selenium.common.exceptions.WebDriverException: Message: chrome not reachable\n     (Session info: chrome=91.0.4472.77)\n", "test_name": "test_accFVInvDoneForCurrentStore", "rerun": "0"}, "93": {"status": "FAIL", "message": "   selenium.common.exceptions.WebDriverException: Message: chrome not reachable\n     (Session info: chrome=91.0.4472.77)\n", "test_name": "test_accFVInvNotAddedFreeArticleYes", "rerun": "0"}, "94": {"status": "FAIL", "message": "   selenium.common.exceptions.WebDriverException: Message: chrome not reachable\n     (Session info: chrome=91.0.4472.77)\n", "test_name": "test_accFVInvProccedforFranAck", "rerun": "0"}, "95": {"status": "FAIL", "message": "   selenium.common.exceptions.WebDriverException: Message: chrome not reachable\n     (Session info: chrome=91.0.4472.77)\n", "test_name": "test_franAckForProcessCompletedInvoice", "rerun": "0"}, "96": {"status": "FAIL", "message": "   selenium.common.exceptions.WebDriverException: Message: chrome not reachable\n     (Session info: chrome=91.0.4472.77)\n", "test_name": "test_franApproveForProcessCompletedInvoice", "rerun": "0"}, "97": {"status": "FAIL", "message": "   selenium.common.exceptions.WebDriverException: Message: chrome not reachable\n     (Session info: chrome=91.0.4472.77)\n", "test_name": "test_franCompletedInvoices", "rerun": "0"}}, "suite_name": "test_sbfran.py"}}}, "date": "June 04, 2021", "start_time": 1622803210.2231805, "total_suite": 1, "status": "FAIL", "status_list": {"pass": "67", "fail": "31", "skip": "0", "error": "0", "xpass": "0", "xfail": "0", "rerun": "0"}, "total_tests": "98"}