{"content": {"suites": {"0": {"status": {"total_pass": 13, "total_skip": 0, "total_xpass": 0, "total_xfail": 0, "total_rerun": 0, "total_fail": 22, "total_error": 0}, "tests": {"0": {"status": "PASS", "message": "", "test_name": "test_franLogin", "rerun": "0"}, "1": {"status": "PASS", "message": "", "test_name": "test_franchisee_dashboard", "rerun": "0"}, "2": {"status": "PASS", "message": "", "test_name": "test_uploadInvDocument", "rerun": "0"}, "3": {"status": "PASS", "message": "", "test_name": "test_logout", "rerun": "0"}, "4": {"status": "PASS", "message": "", "test_name": "test_accLogin", "rerun": "0"}, "5": {"status": "PASS", "message": "", "test_name": "test_acc_dashboard", "rerun": "0"}, "6": {"status": "PASS", "message": "", "test_name": "test_acc_pvc_invoice", "rerun": "0"}, "7": {"status": "PASS", "message": "", "test_name": "test_clear_pvc", "rerun": "0"}, "8": {"status": "PASS", "message": "", "test_name": "test_updateInvoiceClearImage", "rerun": "0"}, "9": {"status": "PASS", "message": "", "test_name": "test_updateInvoiceInFlex", "rerun": "0"}, "10": {"status": "FAIL", "message": "   selenium.common.exceptions.NoSuchElementException: Message: no such element: Unable to locate element: {\"method\":\"xpath\",\"selector\":\"//div[contains(@class,'sb-alert')]\"}\n     (Session info: chrome=90.0.4430.212)\n", "test_name": "test_selectGST", "rerun": "0"}, "11": {"status": "FAIL", "message": "   selenium.common.exceptions.ElementNotInteractableException: Message: element not interactable\n     (Session info: chrome=90.0.4430.212)\n", "test_name": "test_updateInvoiceNumber", "rerun": "0"}, "12": {"status": "FAIL", "message": "   selenium.common.exceptions.ElementNotInteractableException: Message: element not interactable\n     (Session info: chrome=90.0.4430.212)\n", "test_name": "test_updateInvAmt", "rerun": "0"}, "13": {"status": "FAIL", "message": "   selenium.common.exceptions.ElementNotInteractableException: Message: element not interactable\n     (Session info: chrome=90.0.4430.212)\n", "test_name": "test_selectInvDate", "rerun": "0"}, "14": {"status": "PASS", "message": "", "test_name": "test_process_pvc", "rerun": "0"}, "15": {"status": "PASS", "message": "", "test_name": "test_billingAdminLogin", "rerun": "0"}, "16": {"status": "PASS", "message": "", "test_name": "test_billing_admin_dashboard", "rerun": "0"}, "17": {"status": "FAIL", "message": "   selenium.common.exceptions.NoSuchElementException: Message: no such element: Unable to locate element: {\"method\":\"xpath\",\"selector\":\"//button[contains(text(),'Hold')]\"}\n     (Session info: chrome=90.0.4430.212)\n", "test_name": "test_get_grn_is_invs", "rerun": "0"}, "18": {"status": "FAIL", "message": "   selenium.common.exceptions.NoSuchElementException: Message: no such element: Unable to locate element: {\"method\":\"xpath\",\"selector\":\"//option[@value='24']\"}\n     (Session info: chrome=90.0.4430.212)\n", "test_name": "test_assign_ex_grn", "rerun": "0"}, "19": {"status": "FAIL", "message": "   AttributeError: 'NoneType' object has no attribute 'send_keys'\n", "test_name": "test_billing_ex_login", "rerun": "0"}, "20": {"status": "FAIL", "message": "   selenium.common.exceptions.WebDriverException: Message: chrome not reachable\n     (Session info: chrome=90.0.4430.212)\n", "test_name": "test_billing_ex_dashboard", "rerun": "0"}, "21": {"status": "FAIL", "message": "   selenium.common.exceptions.WebDriverException: Message: chrome not reachable\n     (Session info: chrome=90.0.4430.212)\n", "test_name": "test_grn_assign_to_me", "rerun": "0"}, "22": {"status": "FAIL", "message": "   selenium.common.exceptions.WebDriverException: Message: chrome not reachable\n     (Session info: chrome=90.0.4430.212)\n", "test_name": "test_upload_grn_doc", "rerun": "0"}, "23": {"status": "FAIL", "message": "   selenium.common.exceptions.WebDriverException: Message: chrome not reachable\n     (Session info: chrome=90.0.4430.212)\n", "test_name": "test_assign_ex_is", "rerun": "0"}, "24": {"status": "FAIL", "message": "   selenium.common.exceptions.WebDriverException: Message: chrome not reachable\n     (Session info: chrome=90.0.4430.212)\n", "test_name": "test_upload_is_doc", "rerun": "0"}, "25": {"status": "FAIL", "message": "   selenium.common.exceptions.WebDriverException: Message: chrome not reachable\n     (Session info: chrome=90.0.4430.212)\n", "test_name": "test_final_validation", "rerun": "0"}, "26": {"status": "FAIL", "message": "   selenium.common.exceptions.WebDriverException: Message: chrome not reachable\n     (Session info: chrome=90.0.4430.212)\n", "test_name": "test_clear_fv_inv", "rerun": "0"}, "27": {"status": "FAIL", "message": "   selenium.common.exceptions.WebDriverException: Message: chrome not reachable\n     (Session info: chrome=90.0.4430.212)\n", "test_name": "test_is_inv_amt_eqs_grn_amt", "rerun": "0"}, "28": {"status": "FAIL", "message": "   selenium.common.exceptions.WebDriverException: Message: chrome not reachable\n     (Session info: chrome=90.0.4430.212)\n", "test_name": "test_grn_amt_eqs_is_amt", "rerun": "0"}, "29": {"status": "FAIL", "message": "   selenium.common.exceptions.WebDriverException: Message: chrome not reachable\n     (Session info: chrome=90.0.4430.212)\n", "test_name": "test_is_done_correct_store", "rerun": "0"}, "30": {"status": "FAIL", "message": "   selenium.common.exceptions.WebDriverException: Message: chrome not reachable\n     (Session info: chrome=90.0.4430.212)\n", "test_name": "test_free_article_added", "rerun": "0"}, "31": {"status": "FAIL", "message": "   selenium.common.exceptions.WebDriverException: Message: chrome not reachable\n     (Session info: chrome=90.0.4430.212)\n", "test_name": "test_process_fv", "rerun": "0"}, "32": {"status": "FAIL", "message": "   selenium.common.exceptions.WebDriverException: Message: chrome not reachable\n     (Session info: chrome=90.0.4430.212)\n", "test_name": "test_fran_procompleted_req_ack", "rerun": "0"}, "33": {"status": "FAIL", "message": "   selenium.common.exceptions.WebDriverException: Message: chrome not reachable\n     (Session info: chrome=90.0.4430.212)\n", "test_name": "test_approve_pro_completed_ivc", "rerun": "0"}, "34": {"status": "FAIL", "message": "   selenium.common.exceptions.WebDriverException: Message: chrome not reachable\n     (Session info: chrome=90.0.4430.212)\n", "test_name": "test_fran_completed_inv", "rerun": "0"}}, "suite_name": "test_dpte2e.py"}}}, "date": "May 22, 2021", "start_time": 1621679542.3868299, "total_suite": 1, "status": "FAIL", "status_list": {"pass": "13", "fail": "22", "skip": "0", "error": "0", "xpass": "0", "xfail": "0", "rerun": "0"}, "total_tests": "35"}